2023/06/11,21:44:58,U,[-2][772] 로그인 에러발생
2023/06/11,21:44:58,U,통신이 종료되었습니다. [53][667]
2023/06/11,21:44:58,U,통신이 종료되었습니다. [53][667]
2023/06/11,21:44:59,U,[000432][-1][-106]E_ 통신 연결이 끊겼습니다. 프로그램 종료후 재접속 해주시기 바랍니다. [53][6791]
2023/06/11,21:45:01,U,[000632][-1][-106]E_ 통신 연결이 끊겼습니다. 프로그램 종료후 재접속 해주시기 바랍니다. [53][6791]
2023/06/11,21:45:08,U,[000917][-1][-100]E_ 사용자정보교환에 실패하였습니다. 잠시후 다시 시작하여 주십시오. [-2]
2023/06/11,21:51:51,U,[000093][ 1][   1]로그인창 실행 [E:\VSC\CODE\VR\API\OpenAPI\opstarter.exe]
2023/06/11,21:51:58,U,[000985][-1][   1]로그인 준비
2023/06/11,21:51:58,U,[000985][-1][   1]로그인 설정읽기 - 1/2단계
2023/06/11,21:51:58,U,[000986][-1][   1]로그인 설정읽기 - 2/2단계
2023/06/11,21:51:58,U,[000987][-1][   1]로그인 시작
2023/06/11,21:51:59,U,[000159][-1][   2]ASTX Set [1][111]
2023/06/11,21:51:59,U,[000679][-1][   1]프로그램 실행 시작
2023/06/11,21:51:59,U,[000679][-1][   1]프로그램 설정읽기 - 1/2단계
2023/06/11,21:51:59,U,[000737][-1][   1]프로그램 설정읽기 - 2/2단계
2023/06/11,21:51:59,U,[000737][-1][   0] 사용자 연결 완료.
2023/06/11,21:54:20,U,[000621][ 3][-300]E_ 조회데이터 입력 에러 화면번호[SCRN_] RQName[] TrCode[] 연속조회[0]
2023/06/11,21:54:58,U,[000747][ 3][-300]E_ 조회데이터 입력 에러 화면번호[SCRN_] RQName[] TrCode[] 연속조회[0]
2023/06/11,21:55:00,U,[000968][ 3][-300]E_ 조회데이터 입력 에러 화면번호[SCRN_] RQName[] TrCode[] 연속조회[0]
2023/06/11,21:55:02,U,[000721][ 3][-300]E_ 조회데이터 입력 에러 화면번호[SCRN_] RQName[] TrCode[] 연속조회[0]
2023/06/11,21:55:04,U,[000114][ 3][-300]E_ 조회데이터 입력 에러 화면번호[SCRN_] RQName[] TrCode[] 연속조회[0]
2023/06/11,21:56:30,U,[000690][ 2][   1] 조회데이터 화면번호[SCRN_opt10001] RQName[opt10001 : 주식기본정보요청] TRCode[opt10001] PreveNext[0]
2023/06/11,21:56:30,U,[000690][ 3][   0] 조회입력데이터 [종목코드=005930],
2023/06/11,21:56:30,U,[000701][-1][   1]Data A[34][2] [SCRN_opt10001][opt10001 : 주식기본정보요청][opt10001][1][][0][1659]
2023/06/11,21:56:30,U,[000702][-1][   1] 조회요청 [0]=[SCRN_opt10001][opt10001 : 주식기본정보요청][342][1720]
2023/06/11,21:56:35,U,[000182][ 2][   1] 조회데이터 화면번호[SCRN_opt10001] RQName[opt10001 : 주식기본정보요청] TRCode[opt10001] PreveNext[0]
2023/06/11,21:56:35,U,[000182][ 3][   0] 조회입력데이터 [종목코드=005930],
2023/06/11,21:56:35,U,[000190][-1][   1]Data S[34][2] [SCRN_opt10001][SCRN_opt10001] [opt10001 : 주식기본정보요청][opt10001 : 주식기본정보요청] [opt10001][opt10001] [1][1] [][][1659]
2023/06/11,21:56:35,U,[000191][-1][   1] 조회요청 [0]=[SCRN_opt10001][opt10001 : 주식기본정보요청][342][1720]
2023/06/11,21:56:51,U,[000854][ 2][   1] 조회데이터 화면번호[SCRN_opt10001] RQName[opt10001 : 주식기본정보요청] TRCode[opt10001] PreveNext[0]
2023/06/11,21:56:51,U,[000855][ 3][   0] 조회입력데이터 [종목코드=005930],
2023/06/11,21:56:51,U,[000863][-1][   1]Data S[34][2] [SCRN_opt10001][SCRN_opt10001] [opt10001 : 주식기본정보요청][opt10001 : 주식기본정보요청] [opt10001][opt10001] [1][1] [][][1659]
2023/06/11,21:56:51,U,[000863][-1][   1] 조회요청 [0]=[SCRN_opt10001][opt10001 : 주식기본정보요청][342][1720]
2023/06/11,21:57:45,U,[000996][ 2][   1] 조회데이터 화면번호[SCRN_opt10001] RQName[opt10001 : 주식기본정보요청] TRCode[opt10001] PreveNext[0]
2023/06/11,21:57:45,U,[000996][ 3][   0] 조회입력데이터 [종목코드=005930],
2023/06/11,21:57:46,U,[000005][-1][   1]Data S[34][2] [SCRN_opt10001][SCRN_opt10001] [opt10001 : 주식기본정보요청][opt10001 : 주식기본정보요청] [opt10001][opt10001] [1][1] [][][1659]
2023/06/11,21:57:46,U,[000006][-1][   1] 조회요청 [0]=[SCRN_opt10001][opt10001 : 주식기본정보요청][342][1720]
2023/06/11,21:58:44,U,[000651][ 2][   1] 조회데이터 화면번호[SCRN_opt10001] RQName[opt10001 : 주식기본정보요청] TRCode[opt10001] PreveNext[0]
2023/06/11,21:58:44,U,[000652][ 3][   0] 조회입력데이터 [종목코드=005930],
2023/06/11,21:58:44,U,[000660][-1][   1]Data S[34][2] [SCRN_opt10001][SCRN_opt10001] [opt10001 : 주식기본정보요청][opt10001 : 주식기본정보요청] [opt10001][opt10001] [1][1] [][][1659]
2023/06/11,21:58:44,U,[000661][-1][   1] 조회요청 [0]=[SCRN_opt10001][opt10001 : 주식기본정보요청][342][1720]
2023/06/11,21:58:46,U,[000366][ 2][   1] 조회데이터 화면번호[SCRN_opt10001] RQName[opt10001 : 주식기본정보요청] TRCode[opt10001] PreveNext[0]
2023/06/11,21:58:46,U,[000366][ 3][   0] 조회입력데이터 [종목코드=005930],
2023/06/11,21:58:46,U,[000375][-1][   1]Data S[34][2] [SCRN_opt10001][SCRN_opt10001] [opt10001 : 주식기본정보요청][opt10001 : 주식기본정보요청] [opt10001][opt10001] [1][1] [][][1659]
2023/06/11,21:58:46,U,[000376][-1][   1] 조회요청 [0]=[SCRN_opt10001][opt10001 : 주식기본정보요청][342][1720]
2023/06/11,21:58:48,U,[000046][ 2][   1] 조회데이터 화면번호[SCRN_opt10001] RQName[opt10001 : 주식기본정보요청] TRCode[opt10001] PreveNext[0]
2023/06/11,21:58:48,U,[000046][ 3][   0] 조회입력데이터 [종목코드=005930],
2023/06/11,21:58:48,U,[000054][-1][   1]Data S[34][2] [SCRN_opt10001][SCRN_opt10001] [opt10001 : 주식기본정보요청][opt10001 : 주식기본정보요청] [opt10001][opt10001] [1][1] [][][1659]
2023/06/11,21:58:48,U,[000055][-1][   1] 조회요청 [0]=[SCRN_opt10001][opt10001 : 주식기본정보요청][342][1720]
2023/06/11,21:58:48,U,[000202][ 2][   1] 조회데이터 화면번호[SCRN_opt10001] RQName[opt10001 : 주식기본정보요청] TRCode[opt10001] PreveNext[0]
2023/06/11,21:58:48,U,[000202][ 3][   0] 조회입력데이터 [종목코드=005930],
2023/06/11,21:58:48,U,[000211][-1][   1]Data S[34][2] [SCRN_opt10001][SCRN_opt10001] [opt10001 : 주식기본정보요청][opt10001 : 주식기본정보요청] [opt10001][opt10001] [1][1] [][][1659]
2023/06/11,21:58:48,U,[000212][-1][   1] 조회요청 [0]=[SCRN_opt10001][opt10001 : 주식기본정보요청][342][1720]
2023/06/11,21:58:48,U,[000373][ 2][   1] 조회데이터 화면번호[SCRN_opt10001] RQName[opt10001 : 주식기본정보요청] TRCode[opt10001] PreveNext[0]
2023/06/11,21:58:48,U,[000373][ 3][   0] 조회입력데이터 [종목코드=005930],
2023/06/11,21:58:48,U,[000381][-1][   1]Data S[34][2] [SCRN_opt10001][SCRN_opt10001] [opt10001 : 주식기본정보요청][opt10001 : 주식기본정보요청] [opt10001][opt10001] [1][1] [][][1659]
2023/06/11,21:58:48,U,[000382][-1][   1] 조회요청 [0]=[SCRN_opt10001][opt10001 : 주식기본정보요청][342][1720]
2023/06/11,21:58:48,U,[000536][ 2][   1] 조회데이터 화면번호[SCRN_opt10001] RQName[opt10001 : 주식기본정보요청] TRCode[opt10001] PreveNext[0]
2023/06/11,21:58:48,U,[000536][ 3][   0] 조회입력데이터 [종목코드=005930],
2023/06/11,21:58:48,U,[000545][-1][   1]Data S[34][2] [SCRN_opt10001][SCRN_opt10001] [opt10001 : 주식기본정보요청][opt10001 : 주식기본정보요청] [opt10001][opt10001] [1][1] [][][1659]
2023/06/11,21:58:48,U,[000546][-1][   1] 조회요청 [0]=[SCRN_opt10001][opt10001 : 주식기본정보요청][342][1720]
2023/06/11,21:58:48,U,[000699][ 2][   1] 조회데이터 화면번호[SCRN_opt10001] RQName[opt10001 : 주식기본정보요청] TRCode[opt10001] PreveNext[0]
2023/06/11,21:58:48,U,[000699][ 3][   0] 조회입력데이터 [종목코드=005930],
2023/06/11,21:58:48,U,[000707][-1][   1]Data S[34][2] [SCRN_opt10001][SCRN_opt10001] [opt10001 : 주식기본정보요청][opt10001 : 주식기본정보요청] [opt10001][opt10001] [1][1] [][][1659]
2023/06/11,21:58:48,U,[000708][-1][   1] 조회요청 [0]=[SCRN_opt10001][opt10001 : 주식기본정보요청][342][1720]
2023/06/11,21:58:58,U,[000713][ 2][   1] 조회데이터 화면번호[SCRN_opt10001] RQName[opt10001 : 주식기본정보요청] TRCode[opt10001] PreveNext[0]
2023/06/11,21:58:58,U,[000714][ 3][   0] 조회입력데이터 [종목코드=005930],
2023/06/11,21:58:58,U,[000722][-1][   1]Data S[34][2] [SCRN_opt10001][SCRN_opt10001] [opt10001 : 주식기본정보요청][opt10001 : 주식기본정보요청] [opt10001][opt10001] [1][1] [][][1659]
2023/06/11,21:58:58,U,[000723][-1][   1] 조회요청 [0]=[SCRN_opt10001][opt10001 : 주식기본정보요청][342][1720]
2023/06/11,21:59:00,U,[000040][ 2][   1] 조회데이터 화면번호[SCRN_opt10001] RQName[opt10001 : 주식기본정보요청] TRCode[opt10001] PreveNext[0]
2023/06/11,21:59:00,U,[000040][ 3][   0] 조회입력데이터 [종목코드=005930],
2023/06/11,21:59:00,U,[000049][-1][   1]Data S[34][2] [SCRN_opt10001][SCRN_opt10001] [opt10001 : 주식기본정보요청][opt10001 : 주식기본정보요청] [opt10001][opt10001] [1][1] [][][1659]
2023/06/11,21:59:00,U,[000050][-1][   1] 조회요청 [0]=[SCRN_opt10001][opt10001 : 주식기본정보요청][342][1720]
2023/06/11,21:59:29,U,[000521][ 2][   1] 조회데이터 화면번호[SCRN_opt10001] RQName[opt10001 : 주식기본정보요청] TRCode[opt10001] PreveNext[0]
2023/06/11,21:59:29,U,[000521][ 3][   0] 조회입력데이터 [종목코드=005930],
2023/06/11,21:59:29,U,[000530][-1][   1]Data S[34][2] [SCRN_opt10001][SCRN_opt10001] [opt10001 : 주식기본정보요청][opt10001 : 주식기본정보요청] [opt10001][opt10001] [1][1] [][][1659]
2023/06/11,21:59:29,U,[000530][-1][   1] 조회요청 [0]=[SCRN_opt10001][opt10001 : 주식기본정보요청][342][1720]
2023/06/11,21:59:43,U,[000846][ 2][   1] 조회데이터 화면번호[SCRN_opt10001] RQName[opt10001 : 주식기본정보요청] TRCode[opt10001] PreveNext[0]
2023/06/11,21:59:43,U,[000846][ 3][   0] 조회입력데이터 [종목코드=005930],
2023/06/11,21:59:43,U,[000854][-1][   1]Data S[34][2] [SCRN_opt10001][SCRN_opt10001] [opt10001 : 주식기본정보요청][opt10001 : 주식기본정보요청] [opt10001][opt10001] [1][1] [][][1659]
2023/06/11,21:59:43,U,[000854][-1][   1] 조회요청 [0]=[SCRN_opt10001][opt10001 : 주식기본정보요청][342][1720]
2023/06/11,22:00:26,U,[000345][-1][ -10]E_ [SCRN_] 정상적으로 실시간 해제가 되지 않았습니다. [8881]
2023/06/11,22:00:26,U,[000520][-1][   0] 사용자가 소켓 연결 해제 CommTerminate
2023/06/11,22:00:42,U,[893][0] 로그인 완료
2023/06/11,22:00:42,U,[000366][-1][   2]ASTX Set [1][111]
2023/06/11,22:00:42,U,[000850][-1][   1]프로그램 실행 시작
2023/06/11,22:00:42,U,[000850][-1][   1]프로그램 설정읽기 - 1/2단계
2023/06/11,22:00:42,U,[000910][-1][   1]프로그램 설정읽기 - 2/2단계
2023/06/11,22:00:42,U,[000910][-1][   0] 사용자 연결 완료.
2023/06/11,22:00:59,U,[000228][ 2][   1] 조회데이터 화면번호[SCRN_opt10001] RQName[opt10001 : 주식기본정보요청] TRCode[opt10001] PreveNext[0]
2023/06/11,22:00:59,U,[000228][ 3][   0] 조회입력데이터 [종목코드=005930],
2023/06/11,22:00:59,U,[000237][-1][   1]Data A[35][2] [SCRN_opt10001][opt10001 : 주식기본정보요청][opt10001][1][][0][1659]
2023/06/11,22:00:59,U,[000239][-1][   1] 조회요청 [0]=[SCRN_opt10001][opt10001 : 주식기본정보요청][352][1720]
2023/06/11,22:00:59,U,[000267][ 3][   0] 조회데이터 응답 [SCRN_opt10001] [opt10001 : 주식기본정보요청] [3214]
2023/06/11,22:02:14,U,[000192][-1][   1]ASTX Proctect Edit Begin 1-1-0-1
2023/06/11,22:02:14,U,[000307][-1][   1]ASTX Proctect Edit 0 0x2b07f8
2023/06/11,22:03:03,U,[000350][-1][   1]ASTX Proctect Edit Begin 1-1-0-1
2023/06/11,22:03:03,U,[000351][-1][   1]ASTX Proctect Edit 0 0x60898
2023/06/11,22:31:11,U,[000260][ 2][   1] 조회데이터 화면번호[SCRN_opt10001] RQName[opt10001 : 주식기본정보요청] TRCode[opt10001] PreveNext[0]
2023/06/11,22:31:11,U,[000260][ 3][   0] 조회입력데이터 [종목코드=005930],
2023/06/11,22:31:11,U,[000269][-1][   1]Data S[35][2] [SCRN_opt10001][SCRN_opt10001] [opt10001 : 주식기본정보요청][opt10001 : 주식기본정보요청] [opt10001][opt10001] [1][1] [][][1659]
2023/06/11,22:31:11,U,[000269][-1][   1] 조회요청 [0]=[SCRN_opt10001][opt10001 : 주식기본정보요청][352][1720]
2023/06/11,22:31:11,U,[000304][ 3][   0] 조회데이터 응답 [SCRN_opt10001] [opt10001 : 주식기본정보요청] [3214]
2023/06/11,22:31:15,U,[000852][ 2][   1] 조회데이터 화면번호[SCRN_opt10001] RQName[opt10001 : 주식기본정보요청] TRCode[opt10001] PreveNext[0]
2023/06/11,22:31:15,U,[000852][ 3][   0] 조회입력데이터 [종목코드=005931],
2023/06/11,22:31:15,U,[000863][-1][   1]Data S[35][2] [SCRN_opt10001][SCRN_opt10001] [opt10001 : 주식기본정보요청][opt10001 : 주식기본정보요청] [opt10001][opt10001] [1][1] [][][1659]
2023/06/11,22:31:15,U,[000864][-1][   1] 조회요청 [0]=[SCRN_opt10001][opt10001 : 주식기본정보요청][352][1720]
2023/06/11,22:31:15,U,[000893][ 3][   0] 조회데이터 응답 [SCRN_opt10001] [opt10001 : 주식기본정보요청] [3214]
2023/06/11,22:31:19,U,[000937][ 2][   1] 조회데이터 화면번호[SCRN_opt10001] RQName[opt10001 : 주식기본정보요청] TRCode[opt10001] PreveNext[0]
2023/06/11,22:31:19,U,[000938][ 3][   0] 조회입력데이터 [종목코드=005931],
2023/06/11,22:31:19,U,[000946][-1][   1]Data S[35][2] [SCRN_opt10001][SCRN_opt10001] [opt10001 : 주식기본정보요청][opt10001 : 주식기본정보요청] [opt10001][opt10001] [1][1] [][][1659]
2023/06/11,22:31:19,U,[000947][-1][   1] 조회요청 [0]=[SCRN_opt10001][opt10001 : 주식기본정보요청][352][1720]
2023/06/11,22:31:19,U,[000985][ 3][   0] 조회데이터 응답 [SCRN_opt10001] [opt10001 : 주식기본정보요청] [3214]
2023/06/11,22:31:28,U,[000787][ 2][   1] 조회데이터 화면번호[SCRN_opt10001] RQName[opt10001 : 주식기본정보요청] TRCode[opt10001] PreveNext[0]
2023/06/11,22:31:28,U,[000787][ 3][   0] 조회입력데이터 [종목코드=005931],
2023/06/11,22:31:28,U,[000795][-1][   1]Data S[35][2] [SCRN_opt10001][SCRN_opt10001] [opt10001 : 주식기본정보요청][opt10001 : 주식기본정보요청] [opt10001][opt10001] [1][1] [][][1659]
2023/06/11,22:31:28,U,[000796][-1][   1] 조회요청 [0]=[SCRN_opt10001][opt10001 : 주식기본정보요청][352][1720]
2023/06/11,22:31:28,U,[000835][ 3][   0] 조회데이터 응답 [SCRN_opt10001] [opt10001 : 주식기본정보요청] [3214]
2023/06/11,22:31:35,U,[000769][ 2][   1] 조회데이터 화면번호[SCRN_opt10001] RQName[opt10001 : 주식기본정보요청] TRCode[opt10001] PreveNext[0]
2023/06/11,22:31:35,U,[000769][ 3][   0] 조회입력데이터 [종목코드=005932],
2023/06/11,22:31:35,U,[000777][-1][   1]Data S[35][2] [SCRN_opt10001][SCRN_opt10001] [opt10001 : 주식기본정보요청][opt10001 : 주식기본정보요청] [opt10001][opt10001] [1][1] [][][1659]
2023/06/11,22:31:35,U,[000778][-1][   1] 조회요청 [0]=[SCRN_opt10001][opt10001 : 주식기본정보요청][352][1720]
2023/06/11,22:31:35,U,[000806][ 3][   0] 조회데이터 응답 [SCRN_opt10001] [opt10001 : 주식기본정보요청] [3214]
2023/06/11,22:32:07,U,[000349][ 2][   1] 조회데이터 화면번호[SCRN_opt10001] RQName[opt10001 : 주식기본정보요청] TRCode[opt10001] PreveNext[0]
2023/06/11,22:32:07,U,[000349][ 3][   0] 조회입력데이터 [종목코드=034220],
2023/06/11,22:32:07,U,[000358][-1][   1]Data S[35][2] [SCRN_opt10001][SCRN_opt10001] [opt10001 : 주식기본정보요청][opt10001 : 주식기본정보요청] [opt10001][opt10001] [1][1] [][][1659]
2023/06/11,22:32:07,U,[000358][-1][   1] 조회요청 [0]=[SCRN_opt10001][opt10001 : 주식기본정보요청][352][1720]
2023/06/11,22:32:07,U,[000389][ 3][   0] 조회데이터 응답 [SCRN_opt10001] [opt10001 : 주식기본정보요청] [3214]
2023/06/11,22:32:08,U,[000066][ 2][   1] 조회데이터 화면번호[SCRN_opt10001] RQName[opt10001 : 주식기본정보요청] TRCode[opt10001] PreveNext[0]
2023/06/11,22:32:08,U,[000066][ 3][   0] 조회입력데이터 [종목코드=034220],
2023/06/11,22:32:08,U,[000074][-1][   1]Data S[35][2] [SCRN_opt10001][SCRN_opt10001] [opt10001 : 주식기본정보요청][opt10001 : 주식기본정보요청] [opt10001][opt10001] [1][1] [][][1659]
2023/06/11,22:32:08,U,[000075][-1][   1] 조회요청 [0]=[SCRN_opt10001][opt10001 : 주식기본정보요청][352][1720]
2023/06/11,22:32:08,U,[000101][ 3][   0] 조회데이터 응답 [SCRN_opt10001] [opt10001 : 주식기본정보요청] [3214]
2023/06/11,22:32:09,U,[000053][ 2][   1] 조회데이터 화면번호[SCRN_opt10001] RQName[opt10001 : 주식기본정보요청] TRCode[opt10001] PreveNext[0]
2023/06/11,22:32:09,U,[000053][ 3][   0] 조회입력데이터 [종목코드=034220],
2023/06/11,22:32:09,U,[000062][-1][   1]Data S[35][2] [SCRN_opt10001][SCRN_opt10001] [opt10001 : 주식기본정보요청][opt10001 : 주식기본정보요청] [opt10001][opt10001] [1][1] [][][1659]
2023/06/11,22:32:09,U,[000062][-1][   1] 조회요청 [0]=[SCRN_opt10001][opt10001 : 주식기본정보요청][352][1720]
2023/06/11,22:32:09,U,[000087][ 3][   0] 조회데이터 응답 [SCRN_opt10001] [opt10001 : 주식기본정보요청] [3214]
2023/06/11,22:32:09,U,[000242][ 2][   1] 조회데이터 화면번호[SCRN_opt10001] RQName[opt10001 : 주식기본정보요청] TRCode[opt10001] PreveNext[0]
2023/06/11,22:32:09,U,[000243][ 3][   0] 조회입력데이터 [종목코드=034220],
2023/06/11,22:32:09,U,[000252][-1][   1]Data S[35][2] [SCRN_opt10001][SCRN_opt10001] [opt10001 : 주식기본정보요청][opt10001 : 주식기본정보요청] [opt10001][opt10001] [1][1] [][][1659]
2023/06/11,22:32:09,U,[000253][-1][   1] 조회요청 [0]=[SCRN_opt10001][opt10001 : 주식기본정보요청][352][1720]
2023/06/11,22:32:09,U,[000290][ 3][   0] 조회데이터 응답 [SCRN_opt10001] [opt10001 : 주식기본정보요청] [3214]
2023/06/11,22:32:09,U,[000472][ 2][   1] 조회데이터 화면번호[SCRN_opt10001] RQName[opt10001 : 주식기본정보요청] TRCode[opt10001] PreveNext[0]
2023/06/11,22:32:09,U,[000472][ 3][   0] 조회입력데이터 [종목코드=034220],
2023/06/11,22:32:09,U,[000481][-1][   1]Data S[35][2] [SCRN_opt10001][SCRN_opt10001] [opt10001 : 주식기본정보요청][opt10001 : 주식기본정보요청] [opt10001][opt10001] [1][1] [][][1659]
2023/06/11,22:32:09,U,[000481][-1][   1] 조회요청 [0]=[SCRN_opt10001][opt10001 : 주식기본정보요청][352][1720]
2023/06/11,22:32:09,U,[000509][ 3][   0] 조회데이터 응답 [SCRN_opt10001] [opt10001 : 주식기본정보요청] [3214]
2023/06/11,22:32:09,U,[000658][ 2][   1] 조회데이터 화면번호[SCRN_opt10001] RQName[opt10001 : 주식기본정보요청] TRCode[opt10001] PreveNext[0]
2023/06/11,22:32:09,U,[000658][ 3][   0] 조회입력데이터 [종목코드=034220],
2023/06/11,22:32:09,U,[000667][-1][   1]Data S[35][2] [SCRN_opt10001][SCRN_opt10001] [opt10001 : 주식기본정보요청][opt10001 : 주식기본정보요청] [opt10001][opt10001] [1][1] [][][1659]
2023/06/11,22:32:09,U,[000668][-1][   1] 조회요청 [0]=[SCRN_opt10001][opt10001 : 주식기본정보요청][352][1720]
2023/06/11,22:32:09,U,[000695][ 3][   0] 조회데이터 응답 [SCRN_opt10001] [opt10001 : 주식기본정보요청] [3214]
2023/06/11,22:32:09,U,[000867][ 2][   1] 조회데이터 화면번호[SCRN_opt10001] RQName[opt10001 : 주식기본정보요청] TRCode[opt10001] PreveNext[0]
2023/06/11,22:32:09,U,[000867][ 3][   0] 조회입력데이터 [종목코드=034220],
2023/06/11,22:32:09,U,[000876][-1][   1]Data S[35][2] [SCRN_opt10001][SCRN_opt10001] [opt10001 : 주식기본정보요청][opt10001 : 주식기본정보요청] [opt10001][opt10001] [1][1] [][][1659]
2023/06/11,22:32:09,U,[000876][-1][   1] 조회요청 [0]=[SCRN_opt10001][opt10001 : 주식기본정보요청][352][1720]
2023/06/11,22:32:09,U,[000906][ 3][   0] 조회데이터 응답 [SCRN_opt10001] [opt10001 : 주식기본정보요청] [3214]
2023/06/11,22:32:10,U,[000049][ 2][   1] 조회데이터 화면번호[SCRN_opt10001] RQName[opt10001 : 주식기본정보요청] TRCode[opt10001] PreveNext[0]
2023/06/11,22:32:10,U,[000049][ 3][   0] 조회입력데이터 [종목코드=034220],
2023/06/11,22:32:10,U,[000058][-1][   1]Data S[35][2] [SCRN_opt10001][SCRN_opt10001] [opt10001 : 주식기본정보요청][opt10001 : 주식기본정보요청] [opt10001][opt10001] [1][1] [][][1659]
2023/06/11,22:32:10,U,[000058][-1][   1] 조회요청 [0]=[SCRN_opt10001][opt10001 : 주식기본정보요청][352][1720]
2023/06/11,22:32:10,U,[000089][ 3][   0] 조회데이터 응답 [SCRN_opt10001] [opt10001 : 주식기본정보요청] [3214]
2023/06/11,22:32:10,U,[000207][-1][-200]E_  시세 조회 과부하!! [RQName=opt10001 : 주식기본정보요청 sTrCode=opt10001 nPrevNext=0 sScreenNo=SCRN_opt10001][1487]
2023/06/11,22:32:10,U,[000373][ 2][   1] 조회데이터 화면번호[SCRN_opt10001] RQName[opt10001 : 주식기본정보요청] TRCode[opt10001] PreveNext[0]
2023/06/11,22:32:10,U,[000373][ 3][   0] 조회입력데이터 [종목코드=034220],
2023/06/11,22:32:10,U,[000382][-1][   1]Data S[35][2] [SCRN_opt10001][SCRN_opt10001] [opt10001 : 주식기본정보요청][opt10001 : 주식기본정보요청] [opt10001][opt10001] [1][1] [][][1659]
2023/06/11,22:32:10,U,[000382][-1][   1] 조회요청 [0]=[SCRN_opt10001][opt10001 : 주식기본정보요청][352][1720]
2023/06/11,22:32:10,U,[000410][ 3][   0] 조회데이터 응답 [SCRN_opt10001] [opt10001 : 주식기본정보요청] [3214]
2023/06/11,22:32:10,U,[000547][ 2][   1] 조회데이터 화면번호[SCRN_opt10001] RQName[opt10001 : 주식기본정보요청] TRCode[opt10001] PreveNext[0]
2023/06/11,22:32:10,U,[000547][ 3][   0] 조회입력데이터 [종목코드=034220],
2023/06/11,22:32:10,U,[000554][-1][   1]Data S[35][2] [SCRN_opt10001][SCRN_opt10001] [opt10001 : 주식기본정보요청][opt10001 : 주식기본정보요청] [opt10001][opt10001] [1][1] [][][1659]
2023/06/11,22:32:10,U,[000555][-1][   1] 조회요청 [0]=[SCRN_opt10001][opt10001 : 주식기본정보요청][352][1720]
2023/06/11,22:32:10,U,[000592][ 3][   0] 조회데이터 응답 [SCRN_opt10001] [opt10001 : 주식기본정보요청] [3214]
2023/06/11,22:32:12,U,[000372][ 2][   1] 조회데이터 화면번호[SCRN_opt10001] RQName[opt10001 : 주식기본정보요청] TRCode[opt10001] PreveNext[0]
2023/06/11,22:32:12,U,[000373][ 3][   0] 조회입력데이터 [종목코드=034220],
2023/06/11,22:32:12,U,[000381][-1][   1]Data S[35][2] [SCRN_opt10001][SCRN_opt10001] [opt10001 : 주식기본정보요청][opt10001 : 주식기본정보요청] [opt10001][opt10001] [1][1] [][][1659]
2023/06/11,22:32:12,U,[000381][-1][   1] 조회요청 [0]=[SCRN_opt10001][opt10001 : 주식기본정보요청][352][1720]
2023/06/11,22:32:12,U,[000417][ 3][   0] 조회데이터 응답 [SCRN_opt10001] [opt10001 : 주식기본정보요청] [3214]
2023/06/11,22:32:12,U,[000686][ 2][   1] 조회데이터 화면번호[SCRN_opt10001] RQName[opt10001 : 주식기본정보요청] TRCode[opt10001] PreveNext[0]
2023/06/11,22:32:12,U,[000686][ 3][   0] 조회입력데이터 [종목코드=034220],
2023/06/11,22:32:12,U,[000695][-1][   1]Data S[35][2] [SCRN_opt10001][SCRN_opt10001] [opt10001 : 주식기본정보요청][opt10001 : 주식기본정보요청] [opt10001][opt10001] [1][1] [][][1659]
2023/06/11,22:32:12,U,[000695][-1][   1] 조회요청 [0]=[SCRN_opt10001][opt10001 : 주식기본정보요청][352][1720]
2023/06/11,22:32:12,U,[000720][ 3][   0] 조회데이터 응답 [SCRN_opt10001] [opt10001 : 주식기본정보요청] [3214]
2023/06/11,22:32:16,U,[000203][ 2][   1] 조회데이터 화면번호[SCRN_opt10001] RQName[opt10001 : 주식기본정보요청] TRCode[opt10001] PreveNext[0]
2023/06/11,22:32:16,U,[000204][ 3][   0] 조회입력데이터 [종목코드=034220],
2023/06/11,22:32:16,U,[000213][-1][   1]Data S[35][2] [SCRN_opt10001][SCRN_opt10001] [opt10001 : 주식기본정보요청][opt10001 : 주식기본정보요청] [opt10001][opt10001] [1][1] [][][1659]
2023/06/11,22:32:16,U,[000213][-1][   1] 조회요청 [0]=[SCRN_opt10001][opt10001 : 주식기본정보요청][352][1720]
2023/06/11,22:32:16,U,[000254][ 3][   0] 조회데이터 응답 [SCRN_opt10001] [opt10001 : 주식기본정보요청] [3214]
2023/06/11,22:32:16,U,[000882][ 2][   1] 조회데이터 화면번호[SCRN_opt10001] RQName[opt10001 : 주식기본정보요청] TRCode[opt10001] PreveNext[0]
2023/06/11,22:32:16,U,[000882][ 3][   0] 조회입력데이터 [종목코드=034220],
2023/06/11,22:32:16,U,[000890][-1][   1]Data S[35][2] [SCRN_opt10001][SCRN_opt10001] [opt10001 : 주식기본정보요청][opt10001 : 주식기본정보요청] [opt10001][opt10001] [1][1] [][][1659]
2023/06/11,22:32:16,U,[000891][-1][   1] 조회요청 [0]=[SCRN_opt10001][opt10001 : 주식기본정보요청][352][1720]
2023/06/11,22:32:16,U,[000925][ 3][   0] 조회데이터 응답 [SCRN_opt10001] [opt10001 : 주식기본정보요청] [3214]
2023/06/11,22:32:33,U,[000932][ 2][   1] 조회데이터 화면번호[SCRN_opt10001] RQName[opt10001 : 주식기본정보요청] TRCode[opt10001] PreveNext[0]
2023/06/11,22:32:33,U,[000933][ 3][   0] 조회입력데이터 [종목코드=034220],
2023/06/11,22:32:33,U,[000942][-1][   1]Data S[35][2] [SCRN_opt10001][SCRN_opt10001] [opt10001 : 주식기본정보요청][opt10001 : 주식기본정보요청] [opt10001][opt10001] [1][1] [][][1659]
2023/06/11,22:32:33,U,[000942][-1][   1] 조회요청 [0]=[SCRN_opt10001][opt10001 : 주식기본정보요청][352][1720]
2023/06/11,22:32:33,U,[000967][ 3][   0] 조회데이터 응답 [SCRN_opt10001] [opt10001 : 주식기본정보요청] [3214]
2023/06/11,22:33:37,U,[000534][-1][   0] 사용자가 소켓 연결 해제 CommTerminate
2023/06/11,22:36:45,U,[893][0] 로그인 완료
2023/06/11,22:36:45,U,[000478][-1][   2]ASTX Set [1][111]
2023/06/11,22:36:45,U,[000968][-1][   1]프로그램 실행 시작
2023/06/11,22:36:45,U,[000970][-1][   1]프로그램 설정읽기 - 1/2단계
2023/06/11,22:36:46,U,[000025][-1][   1]프로그램 설정읽기 - 2/2단계
2023/06/11,22:36:46,U,[000025][-1][   0] 사용자 연결 완료.
2023/06/11,22:46:00,U,[000427][-1][   0] 사용자가 소켓 연결 해제 CommTerminate
