hjcode.dat                                                      56022da5000002440532
fjcode.dat                                                      4c05c996000000006776
opcode.dat                                                      7c74c137000000089376
upcode.dat                                                      bd2917f6000000002926
cjcode.dat                                                      8e5ce2f0000001871196
pjcode.dat                                                      7d0f0a6e000001047584
gpcode_n.dat                                                    3ebace5f000000001287
trcode.dat                                                      ff5d9255000000001728
sihwang.dat                                                     aa334d88000000022308
nkrealtime.dat                                                  ef5decca000000023155
frcode.dat                                                      49238a6a000000166600
thcode.dat                                                      8bbe4bfb000000345486
ewcode.dat                                                      eadd3322000000003975
sfcode.dat                                                      3724bc6d000000627536
hkcode.dat                                                      24a52f96000000511736
hicode.dat                                                      809342cf000000004556
jpcode.dat                                                      102379b5000000791400
jicode.dat                                                      dbd70ef7000000014105
elcode.dat                                                      9bb74c16000000421632
cfcode.dat                                                      8f905b25000000027608
cocode.dat                                                      9bc90728000000000232
opcode_sf2.dat                                                  8c912903000000178084
infotm.dat                                                      a69918ff000000608344
hjcode_m.dat                                                    80369355000001143040
elcode_m.dat                                                    7bd45ff6000000197640
hjcodej_m.dat                                                   20d37444000000577500
hjcodea_m.dat                                                   c4f65529000000957452
hjcodee_m.dat                                                   d8168a0e000000382104
efcode.dat                                                      7bcdb744000000123668
mopcode.dat                                                     5d31b3fd000000054078
mopcode_sf2.dat                                                 f64c5129000000107700
cacode.dat                                                      f072568b000000259420
cucode.dat                                                      d0dde7a0000000008576
gpcode_s.dat                                                    b9030bd3000000001023
cocode_sf.dat                                                   a73b9a38000000000048
fmcode_x.dat                                                    03b5bc5b000005860116
kopcode.dat                                                     90c47b92000000024144
kopcode_sf2.dat                                                 7c6412a3000000047940
cmcode_w.dat                                                    d6cc3668000000000132
excode.dat                                                      1b81195e000000004488
eucode_w.dat                                                    7daf1fd4000000090181
fucode.dat                                                      a9f4c1c0000000308574
nfwrealtime.dat                                                 41b0cd72000000014223
uscode_w.dat                                                    89dc5966000003636990
uicode.dat                                                      d3013891000000008897
umcode.dat                                                      d7882670000000062370
uucode.dat                                                      1c008e48000000002646
etfcategory.dat                                                 df555d2e000000015759
uetfcatelst.dat                                                 ebcb7278000000409899
wkopcode.dat                                                    eaad5cf1000000004182
wkopcode_sf2.dat                                                8a25b5fe000000008208
cacode_g.dat                                                    628ba731000000524273
cucode_g.dat                                                    1cf0ab2f000000008576
hkcode_g.dat                                                    6f9b799f000000790965
hicode_g.dat                                                    d663299a000000004422
sgscode.dat                                                     a728d719000000240768
sgdlctree.dat                                                   4858f48b000000005249
narealtime.dat                                                  18ff2a31000000032296
euwkcode.dat                                                    232b7c66000000004182
euwksfcode.dat                                                  93f54b09000000008208
us_index_combo.dat                                              4404fb50000000001079
